2024-10-01 23:11:17,962 CRIT Supervisor is running as root.  Privileges were not dropped because no user is specified in the config file.  If you intend to run as root, you can set user=root in the config file to avoid this message.
2024-10-01 23:11:17,969 INFO supervisord started with pid 1
2024-10-01 23:11:18,972 INFO spawned: 'laravel_queue' with pid 7
2024-10-01 23:11:18,974 INFO spawned: 'laravel_schedule' with pid 8
2024-10-01 23:11:18,975 INFO spawned: 'php-fpm' with pid 9
2024-10-01 23:11:19,438 WARN exited: laravel_queue (exit status 1; not expected)
2024-10-01 23:11:20,442 INFO spawned: 'laravel_queue' with pid 18
2024-10-01 23:11:20,443 INFO success: laravel_schedule entered RUNNING state, process has stayed up for > than 1 seconds (startsecs)
2024-10-01 23:11:20,443 INFO success: php-fpm entered RUNNING state, process has stayed up for > than 1 seconds (startsecs)
2024-10-01 23:11:20,665 WARN exited: laravel_queue (exit status 1; not expected)
2024-10-01 23:11:22,670 INFO spawned: 'laravel_queue' with pid 23
2024-10-01 23:11:22,902 WARN exited: laravel_queue (exit status 1; not expected)
2024-10-01 23:11:25,908 INFO spawned: 'laravel_queue' with pid 28
2024-10-01 23:11:26,140 WARN exited: laravel_queue (exit status 1; not expected)
2024-10-01 23:11:27,141 INFO gave up: laravel_queue entered FATAL state, too many start retries too quickly
2024-10-01 23:15:00,397 INFO reaped unknown pid 92 (exit status 0)
2024-10-01 23:15:42,444 INFO reaped unknown pid 240 (exit status 0)
2024-10-01 23:16:32,661 INFO spawned: 'laravel_queue' with pid 282
2024-10-01 23:16:33,664 INFO success: laravel_queue entered RUNNING state, process has stayed up for > than 1 seconds (startsecs)
2024-10-01 23:20:00,354 INFO reaped unknown pid 541 (exit status 0)
2024-10-01 23:21:29,416 INFO reaped unknown pid 598 (exit status 0)
2024-10-01 23:42:20,383 WARN received SIGQUIT indicating exit request
2024-10-01 23:42:20,385 INFO waiting for laravel_queue, laravel_schedule, php-fpm to die
2024-10-01 23:42:20,392 INFO stopped: php-fpm (exit status 0)
2024-10-01 23:42:20,394 WARN stopped: laravel_schedule (terminated by SIGTERM)
2024-10-01 23:42:20,396 WARN stopped: laravel_queue (terminated by SIGTERM)
2024-10-02 13:15:07,089 CRIT Supervisor is running as root.  Privileges were not dropped because no user is specified in the config file.  If you intend to run as root, you can set user=root in the config file to avoid this message.
2024-10-02 13:15:07,099 INFO supervisord started with pid 1
2024-10-02 13:15:08,103 INFO spawned: 'laravel_queue' with pid 7
2024-10-02 13:15:08,105 INFO spawned: 'laravel_schedule' with pid 8
2024-10-02 13:15:08,109 INFO spawned: 'php-fpm' with pid 9
2024-10-02 13:15:09,672 INFO success: laravel_queue entered RUNNING state, process has stayed up for > than 1 seconds (startsecs)
2024-10-02 13:15:09,672 INFO success: laravel_schedule entered RUNNING state, process has stayed up for > than 1 seconds (startsecs)
2024-10-02 13:15:09,672 INFO success: php-fpm entered RUNNING state, process has stayed up for > than 1 seconds (startsecs)
2024-10-02 13:36:40,445 INFO reaped unknown pid 131 (exit status 0)
2024-10-02 13:43:35,004 INFO reaped unknown pid 213 (exit status 0)
2024-10-02 13:45:21,662 INFO reaped unknown pid 260 (exit status 0)
2024-10-02 13:49:04,382 INFO reaped unknown pid 329 (exit status 0)
2024-10-02 13:49:39,425 INFO reaped unknown pid 362 (exit status 0)
2024-10-02 13:53:32,365 INFO reaped unknown pid 428 (exit status 0)
2024-10-02 13:54:26,393 INFO reaped unknown pid 503 (exit status 0)
2024-10-02 13:54:43,400 WARN received SIGQUIT indicating exit request
2024-10-02 13:54:43,400 INFO waiting for laravel_queue, laravel_schedule, php-fpm to die
2024-10-02 13:54:43,407 INFO stopped: php-fpm (exit status 0)
2024-10-02 13:54:43,411 WARN stopped: laravel_schedule (terminated by SIGTERM)
2024-10-02 13:54:43,413 WARN stopped: laravel_queue (terminated by SIGTERM)
2024-10-02 13:54:44,790 CRIT Supervisor is running as root.  Privileges were not dropped because no user is specified in the config file.  If you intend to run as root, you can set user=root in the config file to avoid this message.
2024-10-02 13:54:44,802 INFO supervisord started with pid 1
2024-10-02 13:54:45,804 INFO spawned: 'laravel_queue' with pid 7
2024-10-02 13:54:45,806 INFO spawned: 'laravel_schedule' with pid 8
2024-10-02 13:54:45,808 INFO spawned: 'php-fpm' with pid 9
2024-10-02 13:54:46,112 WARN exited: laravel_queue (exit status 1; not expected)
2024-10-02 13:54:47,116 INFO spawned: 'laravel_queue' with pid 18
2024-10-02 13:54:47,117 INFO success: laravel_schedule entered RUNNING state, process has stayed up for > than 1 seconds (startsecs)
2024-10-02 13:54:47,117 INFO success: php-fpm entered RUNNING state, process has stayed up for > than 1 seconds (startsecs)
2024-10-02 13:54:47,441 WARN exited: laravel_queue (exit status 1; not expected)
2024-10-02 13:54:49,825 INFO spawned: 'laravel_queue' with pid 23
2024-10-02 13:54:51,571 INFO success: laravel_queue entered RUNNING state, process has stayed up for > than 1 seconds (startsecs)
2024-10-02 13:56:40,251 INFO reaped unknown pid 87 (exit status 0)
2024-10-02 13:57:55,434 INFO reaped unknown pid 172 (exit status 0)
2024-10-02 14:00:33,125 INFO reaped unknown pid 238 (exit status 0)
2024-10-02 14:07:42,448 INFO reaped unknown pid 317 (exit status 0)
2024-10-02 14:10:31,965 WARN received SIGQUIT indicating exit request
2024-10-02 14:10:31,966 INFO waiting for laravel_queue, laravel_schedule, php-fpm to die
2024-10-02 14:10:31,975 INFO stopped: php-fpm (exit status 0)
2024-10-02 14:10:31,978 WARN stopped: laravel_schedule (terminated by SIGTERM)
2024-10-02 14:10:31,979 WARN stopped: laravel_queue (terminated by SIGTERM)
2024-10-02 14:10:33,459 CRIT Supervisor is running as root.  Privileges were not dropped because no user is specified in the config file.  If you intend to run as root, you can set user=root in the config file to avoid this message.
2024-10-02 14:10:33,469 INFO supervisord started with pid 1
2024-10-02 14:10:34,471 INFO spawned: 'laravel_queue' with pid 7
2024-10-02 14:10:34,473 INFO spawned: 'laravel_schedule' with pid 8
2024-10-02 14:10:34,474 INFO spawned: 'php-fpm' with pid 9
2024-10-02 14:10:34,724 WARN exited: laravel_queue (exit status 1; not expected)
2024-10-02 14:10:35,728 INFO spawned: 'laravel_queue' with pid 18
2024-10-02 14:10:35,729 INFO success: laravel_schedule entered RUNNING state, process has stayed up for > than 1 seconds (startsecs)
2024-10-02 14:10:35,730 INFO success: php-fpm entered RUNNING state, process has stayed up for > than 1 seconds (startsecs)
2024-10-02 14:10:35,956 WARN exited: laravel_queue (exit status 1; not expected)
2024-10-02 14:10:37,960 INFO spawned: 'laravel_queue' with pid 23
2024-10-02 14:10:38,215 WARN exited: laravel_queue (exit status 1; not expected)
2024-10-02 14:10:41,220 INFO spawned: 'laravel_queue' with pid 28
2024-10-02 14:10:41,507 WARN exited: laravel_queue (exit status 1; not expected)
2024-10-02 14:10:42,508 INFO gave up: laravel_queue entered FATAL state, too many start retries too quickly
2024-10-02 14:14:42,774 INFO waiting for laravel_schedule to stop
2024-10-02 14:14:42,776 WARN stopped: laravel_schedule (terminated by SIGTERM)
2024-10-02 14:14:43,780 INFO spawned: 'laravel_schedule' with pid 84
2024-10-02 14:14:45,039 INFO success: laravel_schedule entered RUNNING state, process has stayed up for > than 1 seconds (startsecs)
2024-10-02 14:14:48,050 INFO spawned: 'laravel_queue' with pid 87
2024-10-02 14:14:49,745 INFO success: laravel_queue entered RUNNING state, process has stayed up for > than 1 seconds (startsecs)
2024-10-02 14:15:00,372 INFO reaped unknown pid 80 (exit status 0)
2024-10-02 19:07:44,429 WARN received SIGQUIT indicating exit request
2024-10-02 19:07:44,431 INFO waiting for laravel_queue, laravel_schedule, php-fpm to die
2024-10-02 19:07:44,436 INFO stopped: php-fpm (exit status 0)
2024-10-02 19:07:44,438 WARN stopped: laravel_schedule (terminated by SIGTERM)
2024-10-02 19:07:44,445 WARN stopped: laravel_queue (terminated by SIGTERM)
